ISim log file
Running: C:\Users\davissm\Desktop\csse232\1A-alfayeka-davissm-merreltc-smithlb\Implementation\Units\Integration_ALU\Full_ALU_Full_ALU_sch_tb_isim_beh.exe -intstyle ise -gui -tclbatch isim.cmd -wdb C:/Users/davissm/Desktop/csse232/1A-alfayeka-davissm-merreltc-smithlb/Implementation/Units/Integration_ALU/Full_ALU_Full_ALU_sch_tb_isim_beh.wdb 
ISim P.20131013 (signature 0x7708f090)
----------------------------------------------------------------------
INFO:Security:50 - The XILINXD_LICENSE_FILE environment variable is set to '2100@ise.csse.rose-hulman.edu'.
INFO:Security:53 - The LM_LICENSE_FILE environment variable is not set.
WARNING:Security:43 - No license file was found in the standard Xilinx license directory.
WARNING:Security:44 - Since no license file was found,
       please run the Xilinx License Configuration Manager
       (xlcm or "Manage Xilinx Licenses")
       to assist in obtaining a license.
WARNING:Security:42 - Your software subscription period has lapsed. Your current version of Xilinx tools will continue to function, but you no longer qualify for Xilinx software updates or new releases.


----------------------------------------------------------------------
This is a Full version of ISim.
Time resolution is 1 ps
# onerror resume
# wave add /
# run 1000 ns
Simulator is doing circuit initialization process.
Finished circuit initialization process.
Test 1: Pass
Test 2: Pass
Test 3: Pass:
Test 4: Pass
Test 5: Pass
Test 6: Pass
Test 7: Pass
Test 8: Pass
Test 9: Pass
Test 10: Pass
Test 11: Fail
Test 12: Pass
Test 13: Pass
Test 14: Pass
ISim P.20131013 (signature 0x7708f090)
----------------------------------------------------------------------
INFO:Security:50 - The XILINXD_LICENSE_FILE environment variable is set to '2100@ise.csse.rose-hulman.edu'.
INFO:Security:53 - The LM_LICENSE_FILE environment variable is not set.
WARNING:Security:43 - No license file was found in the standard Xilinx license directory.
WARNING:Security:44 - Since no license file was found,
       please run the Xilinx License Configuration Manager
       (xlcm or "Manage Xilinx Licenses")
       to assist in obtaining a license.
WARNING:Security:42 - Your software subscription period has lapsed. Your current version of Xilinx tools will continue to function, but you no longer qualify for Xilinx software updates or new releases.


----------------------------------------------------------------------
This is a Full version of ISim.
# run 1000 ns
Simulator is doing circuit initialization process.
Finished circuit initialization process.
Test 1: Pass
Test 2: Pass
Test 3: Pass
Test 4: Pass
Test 5: Pass
Test 6: Pass
Test 7: Pass
Test 8: Pass
Test 9: Pass
Test 10: Pass
Test 11: Pass
Test 12: Pass
Test 13: Pass
Test 14: Pass
ISim P.20131013 (signature 0x7708f090)
----------------------------------------------------------------------
INFO:Security:50 - The XILINXD_LICENSE_FILE environment variable is set to '2100@ise.csse.rose-hulman.edu'.
INFO:Security:53 - The LM_LICENSE_FILE environment variable is not set.
WARNING:Security:43 - No license file was found in the standard Xilinx license directory.
WARNING:Security:44 - Since no license file was found,
       please run the Xilinx License Configuration Manager
       (xlcm or "Manage Xilinx Licenses")
       to assist in obtaining a license.
WARNING:Security:42 - Your software subscription period has lapsed. Your current version of Xilinx tools will continue to function, but you no longer qualify for Xilinx software updates or new releases.


----------------------------------------------------------------------
This is a Full version of ISim.
# run 1000 ns
Simulator is doing circuit initialization process.
Finished circuit initialization process.
Test 1: Pass
Test 2: Pass
Test 3: Pass
Test 4: Pass
Test 5: Pass
Test 6: Pass
Test 7: Pass
Test 8: Pass
Test 9: Pass
Test 10: Pass
Test 11: Pass
Test 12: Pass
Test 13: Pass
Test 14: Pass
Test 15: Pass
