Running: C:\Xilinx\14.7\ISE_DS\ISE\bin\nt64\unwrapped\fuse.exe -intstyle ise -incremental -lib unisims_ver -lib unimacro_ver -lib xilinxcorelib_ver -o C:/Users/alfayeka/Desktop/HW and shit/CSSE/CSSE232/memory/work/memory_memory_sch_tb_isim_beh.exe -prj C:/Users/alfayeka/Desktop/HW and shit/CSSE/CSSE232/memory/work/memory_memory_sch_tb_beh.prj work.memory_memory_sch_tb work.glbl 
ISim P.20131013 (signature 0x7708f090)
Number of CPUs detected in this system: 8
Turning on mult-threading, number of parallel sub-compilation jobs: 16 
Determining compilation order of HDL files
Analyzing Verilog file "C:/Users/alfayeka/Desktop/HW and shit/CSSE/CSSE232/memory/work/../ipcore_dir/blockmemory16kx1.v" into library work
Analyzing Verilog file "C:/Users/alfayeka/Desktop/HW and shit/CSSE/CSSE232/memory/work/../BlockMemoryControl.v" into library work
Analyzing Verilog file "C:/Users/alfayeka/Desktop/HW and shit/CSSE/CSSE232/memory/work/memory.vf" into library work
Analyzing Verilog file "C:/Users/alfayeka/Desktop/HW and shit/CSSE/CSSE232/memory/work/../memory_tb.v" into library work
Analyzing Verilog file "C:/Xilinx/14.7/ISE_DS/ISE//verilog/src/glbl.v" into library work
Starting static elaboration
Completed static elaboration
Compiling module MIPS_control_unit
Compiling module BLK_MEM_GEN_V6_3_output_stage(C_...
Compiling module BLK_MEM_GEN_V6_3_softecc_output_...
Compiling module BLK_MEM_GEN_V6_3_mem_module(C_CO...
Compiling module BLK_MEM_GEN_V6_3(C_FAMILY="spart...
Compiling module blockmemory16kx1
Compiling module memory
Compiling module memory_memory_sch_tb
Compiling module glbl
Time Resolution for simulation is 1ps.
Waiting for 1 sub-compilation(s) to finish...
Compiled 9 Verilog Units
Built simulation executable C:/Users/alfayeka/Desktop/HW and shit/CSSE/CSSE232/memory/work/memory_memory_sch_tb_isim_beh.exe
Fuse Memory Usage: 34084 KB
Fuse CPU Usage: 452 ms
