ISim log file
Running: C:\Users\alfayeka\Desktop\HW and shit\CSSE\CSSE232\Project\1A-alfayeka-davissm-merreltc-smithlb\Implementation\alu16b\work\alu16b_isim_beh.exe -intstyle ise -gui -tclbatch isim.cmd -wdb C:/Users/alfayeka/Desktop/HW and shit/CSSE/CSSE232/Project/1A-alfayeka-davissm-merreltc-smithlb/Implementation/alu16b/work/alu16b_isim_beh.wdb 
ISim P.20131013 (signature 0x7708f090)
----------------------------------------------------------------------
INFO:Security:50 - The XILINXD_LICENSE_FILE environment variable is set to '2100@ise.csse.rose-hulman.edu'.
INFO:Security:53 - The LM_LICENSE_FILE environment variable is not set.
WARNING:Security:43 - No license file was found in the standard Xilinx license directory.
WARNING:Security:44 - Since no license file was found,
       please run the Xilinx License Configuration Manager
       (xlcm or "Manage Xilinx Licenses")
       to assist in obtaining a license.
WARNING:Security:42 - Your software subscription period has lapsed. Your current version of Xilinx tools will continue to function, but you no longer qualify for Xilinx software updates or new releases.


----------------------------------------------------------------------
This is a Full version of ISim.
Time resolution is 1 ps
# onerror resume
# wave add /
# run 1000 ns
Simulator is doing circuit initialization process.
Finished circuit initialization process.
TEST 'AND' SUCCESSFUL!
TEST 'OR' SUCCESSFUL!
TEST 'ADD' FAILED!
TEST 'SUB' SUCCESSFUL!
TEST 'XOR' SUCCESSFUL!
TEST 'NOR' SUCCESSFUL!
TEST 'NAND' SUCCESSFUL!
TEST 'INV' FAILED!
ISim P.20131013 (signature 0x7708f090)
----------------------------------------------------------------------
INFO:Security:50 - The XILINXD_LICENSE_FILE environment variable is set to '2100@ise.csse.rose-hulman.edu'.
INFO:Security:53 - The LM_LICENSE_FILE environment variable is not set.
WARNING:Security:43 - No license file was found in the standard Xilinx license directory.
WARNING:Security:44 - Since no license file was found,
       please run the Xilinx License Configuration Manager
       (xlcm or "Manage Xilinx Licenses")
       to assist in obtaining a license.
WARNING:Security:42 - Your software subscription period has lapsed. Your current version of Xilinx tools will continue to function, but you no longer qualify for Xilinx software updates or new releases.


----------------------------------------------------------------------
This is a Full version of ISim.
# run 1000 ns
Simulator is doing circuit initialization process.
Finished circuit initialization process.
TEST 'AND' SUCCESSFUL!
TEST 'OR' SUCCESSFUL!
TEST 'ADD' FAILED!
TEST 'SUB' SUCCESSFUL!
TEST 'XOR' SUCCESSFUL!
TEST 'NOR' SUCCESSFUL!
TEST 'NAND' SUCCESSFUL!
TEST 'INV' FAILED!
ISim P.20131013 (signature 0x7708f090)
----------------------------------------------------------------------
INFO:Security:50 - The XILINXD_LICENSE_FILE environment variable is set to '2100@ise.csse.rose-hulman.edu'.
INFO:Security:53 - The LM_LICENSE_FILE environment variable is not set.
WARNING:Security:43 - No license file was found in the standard Xilinx license directory.
WARNING:Security:44 - Since no license file was found,
       please run the Xilinx License Configuration Manager
       (xlcm or "Manage Xilinx Licenses")
       to assist in obtaining a license.
WARNING:Security:42 - Your software subscription period has lapsed. Your current version of Xilinx tools will continue to function, but you no longer qualify for Xilinx software updates or new releases.


----------------------------------------------------------------------
This is a Full version of ISim.
# run 1000 ns
Simulator is doing circuit initialization process.
Finished circuit initialization process.
TEST 'AND' SUCCESSFUL!
TEST 'OR' SUCCESSFUL!
TEST 'ADD' FAILED!
TEST 'SUB' SUCCESSFUL!
TEST 'XOR' SUCCESSFUL!
TEST 'NOR' SUCCESSFUL!
TEST 'NAND' SUCCESSFUL!
TEST 'INV' FAILED!
ISim P.20131013 (signature 0x7708f090)
----------------------------------------------------------------------
INFO:Security:50 - The XILINXD_LICENSE_FILE environment variable is set to '2100@ise.csse.rose-hulman.edu'.
INFO:Security:53 - The LM_LICENSE_FILE environment variable is not set.
WARNING:Security:43 - No license file was found in the standard Xilinx license directory.
WARNING:Security:44 - Since no license file was found,
       please run the Xilinx License Configuration Manager
       (xlcm or "Manage Xilinx Licenses")
       to assist in obtaining a license.
WARNING:Security:42 - Your software subscription period has lapsed. Your current version of Xilinx tools will continue to function, but you no longer qualify for Xilinx software updates or new releases.


----------------------------------------------------------------------
This is a Full version of ISim.
# run 1000 ns
Simulator is doing circuit initialization process.
Finished circuit initialization process.
TEST 'AND' SUCCESSFUL!
TEST 'OR' SUCCESSFUL!
TEST 'ADD' SUCCESSFUL!
TEST 'SUB' SUCCESSFUL!
TEST 'XOR' SUCCESSFUL!
TEST 'NOR' SUCCESSFUL!
TEST 'NAND' SUCCESSFUL!
TEST 'INV' SUCCESSFUL!
TEST 'SUB' with overflow SUCCESSFUL!
ISim P.20131013 (signature 0x7708f090)
----------------------------------------------------------------------
INFO:Security:50 - The XILINXD_LICENSE_FILE environment variable is set to '2100@ise.csse.rose-hulman.edu'.
INFO:Security:53 - The LM_LICENSE_FILE environment variable is not set.
WARNING:Security:43 - No license file was found in the standard Xilinx license directory.
WARNING:Security:44 - Since no license file was found,
       please run the Xilinx License Configuration Manager
       (xlcm or "Manage Xilinx Licenses")
       to assist in obtaining a license.
WARNING:Security:42 - Your software subscription period has lapsed. Your current version of Xilinx tools will continue to function, but you no longer qualify for Xilinx software updates or new releases.


----------------------------------------------------------------------
This is a Full version of ISim.
# run 1000 ns
Simulator is doing circuit initialization process.
Finished circuit initialization process.
TEST 'AND' SUCCESSFUL!
TEST 'OR' SUCCESSFUL!
TEST 'ADD' SUCCESSFUL!
TEST 'SUB' SUCCESSFUL!
TEST 'XOR' SUCCESSFUL!
TEST 'NOR' SUCCESSFUL!
TEST 'NAND' SUCCESSFUL!
TEST 'INV' SUCCESSFUL!
TEST 'SUB' with overflow SUCCESSFUL!
TEST 'ADD' with overflow FAILED!
ISim P.20131013 (signature 0x7708f090)
----------------------------------------------------------------------
INFO:Security:50 - The XILINXD_LICENSE_FILE environment variable is set to '2100@ise.csse.rose-hulman.edu'.
INFO:Security:53 - The LM_LICENSE_FILE environment variable is not set.
WARNING:Security:43 - No license file was found in the standard Xilinx license directory.
WARNING:Security:44 - Since no license file was found,
       please run the Xilinx License Configuration Manager
       (xlcm or "Manage Xilinx Licenses")
       to assist in obtaining a license.
WARNING:Security:42 - Your software subscription period has lapsed. Your current version of Xilinx tools will continue to function, but you no longer qualify for Xilinx software updates or new releases.


----------------------------------------------------------------------
This is a Full version of ISim.
# run 1000 ns
Simulator is doing circuit initialization process.
Finished circuit initialization process.
TEST 'AND' SUCCESSFUL!
TEST 'OR' SUCCESSFUL!
TEST 'ADD' SUCCESSFUL!
TEST 'SUB' SUCCESSFUL!
TEST 'XOR' SUCCESSFUL!
TEST 'NOR' SUCCESSFUL!
TEST 'NAND' SUCCESSFUL!
TEST 'INV' SUCCESSFUL!
TEST 'SUB' with overflow SUCCESSFUL!
TEST 'ADD' with overflow FAILED!
ISim P.20131013 (signature 0x7708f090)
----------------------------------------------------------------------
INFO:Security:50 - The XILINXD_LICENSE_FILE environment variable is set to '2100@ise.csse.rose-hulman.edu'.
INFO:Security:53 - The LM_LICENSE_FILE environment variable is not set.
WARNING:Security:43 - No license file was found in the standard Xilinx license directory.
WARNING:Security:44 - Since no license file was found,
       please run the Xilinx License Configuration Manager
       (xlcm or "Manage Xilinx Licenses")
       to assist in obtaining a license.
WARNING:Security:42 - Your software subscription period has lapsed. Your current version of Xilinx tools will continue to function, but you no longer qualify for Xilinx software updates or new releases.


----------------------------------------------------------------------
This is a Full version of ISim.
# run 1000 ns
Simulator is doing circuit initialization process.
Finished circuit initialization process.
TEST 'AND' SUCCESSFUL!
TEST 'OR' SUCCESSFUL!
TEST 'ADD' SUCCESSFUL!
TEST 'SUB' SUCCESSFUL!
TEST 'XOR' SUCCESSFUL!
TEST 'NOR' SUCCESSFUL!
TEST 'NAND' SUCCESSFUL!
TEST 'INV' SUCCESSFUL!
TEST 'SUB' with overflow SUCCESSFUL!
TEST 'ADD' with overflow FAILED!
ISim P.20131013 (signature 0x7708f090)
----------------------------------------------------------------------
INFO:Security:50 - The XILINXD_LICENSE_FILE environment variable is set to '2100@ise.csse.rose-hulman.edu'.
INFO:Security:53 - The LM_LICENSE_FILE environment variable is not set.
WARNING:Security:43 - No license file was found in the standard Xilinx license directory.
WARNING:Security:44 - Since no license file was found,
       please run the Xilinx License Configuration Manager
       (xlcm or "Manage Xilinx Licenses")
       to assist in obtaining a license.
WARNING:Security:42 - Your software subscription period has lapsed. Your current version of Xilinx tools will continue to function, but you no longer qualify for Xilinx software updates or new releases.


----------------------------------------------------------------------
This is a Full version of ISim.
# run 1000 ns
Simulator is doing circuit initialization process.
Finished circuit initialization process.
TEST 'AND' SUCCESSFUL!
TEST 'OR' SUCCESSFUL!
TEST 'ADD' SUCCESSFUL!
TEST 'SUB' SUCCESSFUL!
TEST 'XOR' SUCCESSFUL!
TEST 'NOR' SUCCESSFUL!
TEST 'NAND' SUCCESSFUL!
TEST 'INV' SUCCESSFUL!
TEST 'SUB' with overflow SUCCESSFUL!
TEST 'ADD' with overflow SUCCESSFUL!
