Release 14.7 - xst P.20131013 (nt64)
Copyright (c) 1995-2013 Xilinx, Inc.  All rights reserved.
--> Parameter TMPDIR set to xst/projnav.tmp


Total REAL time to Xst completion: 0.00 secs
Total CPU time to Xst completion: 0.07 secs
 
--> Parameter xsthdpdir set to xst


Total REAL time to Xst completion: 0.00 secs
Total CPU time to Xst completion: 0.07 secs
 
--> Reading design: PC_plus_ALU.prj

TABLE OF CONTENTS
  1) Synthesis Options Summary
  2) HDL Compilation
  3) Design Hierarchy Analysis
  4) HDL Analysis
  5) HDL Synthesis
     5.1) HDL Synthesis Report
  6) Advanced HDL Synthesis
     6.1) Advanced HDL Synthesis Report
  7) Low Level Synthesis
  8) Partition Report
  9) Final Report
	9.1) Device utilization summary
	9.2) Partition Resource Summary
	9.3) TIMING REPORT


=========================================================================
*                      Synthesis Options Summary                        *
=========================================================================
---- Source Parameters
Input File Name                    : "PC_plus_ALU.prj"
Input Format                       : mixed
Ignore Synthesis Constraint File   : NO

---- Target Parameters
Output File Name                   : "PC_plus_ALU"
Output Format                      : NGC
Target Device                      : xc3s500e-4-fg320

---- Source Options
Top Module Name                    : PC_plus_ALU
Automatic FSM Extraction           : YES
FSM Encoding Algorithm             : Auto
Safe Implementation                : No
FSM Style                          : LUT
RAM Extraction                     : Yes
RAM Style                          : Auto
ROM Extraction                     : Yes
Mux Style                          : Auto
Decoder Extraction                 : YES
Priority Encoder Extraction        : Yes
Shift Register Extraction          : YES
Logical Shifter Extraction         : YES
XOR Collapsing                     : YES
ROM Style                          : Auto
Mux Extraction                     : Yes
Resource Sharing                   : YES
Asynchronous To Synchronous        : NO
Multiplier Style                   : Auto
Automatic Register Balancing       : No

---- Target Options
Add IO Buffers                     : YES
Global Maximum Fanout              : 100000
Add Generic Clock Buffer(BUFG)     : 24
Register Duplication               : YES
Slice Packing                      : YES
Optimize Instantiated Primitives   : NO
Use Clock Enable                   : Yes
Use Synchronous Set                : Yes
Use Synchronous Reset              : Yes
Pack IO Registers into IOBs        : Auto
Equivalent register Removal        : YES

---- General Options
Optimization Goal                  : Speed
Optimization Effort                : 1
Keep Hierarchy                     : No
Netlist Hierarchy                  : As_Optimized
RTL Output                         : Yes
Global Optimization                : AllClockNets
Read Cores                         : YES
Write Timing Constraints           : NO
Cross Clock Analysis               : NO
Hierarchy Separator                : /
Bus Delimiter                      : <>
Case Specifier                     : Maintain
Slice Utilization Ratio            : 100
BRAM Utilization Ratio             : 100
Verilog 2001                       : YES
Auto BRAM Packing                  : NO
Slice Utilization Ratio Delta      : 5

=========================================================================


=========================================================================
*                          HDL Compilation                              *
=========================================================================
Compiling verilog file "add1b.vf" in library work
Compiling verilog file "alu1b.vf" in library work
Module <add1b> compiled
Module <M2_1_MXILINX_alu1b> compiled
Module <M2_1E_MXILINX_alu1b> compiled
Module <M4_1E_MXILINX_alu1b> compiled
Module <add1b_MUSER_alu1b> compiled
Compiling verilog file "../../1A-alfayeka-davissm-merreltc-smithlb/Implementation/Units/mux16b2/mux16b2.v" in library work
Module <alu1b> compiled
Compiling verilog file "reg16.vf" in library work
Module <mux16b2> compiled
Module <FD16CE_MXILINX_reg16> compiled
Compiling verilog file "alu16b.vf" in library work
Module <reg16> compiled
Module <INV16_MXILINX_alu16b> compiled
Module <NOR16_MXILINX_alu16b> compiled
Module <M2_1_MXILINX_alu16b> compiled
Module <M2_1E_MXILINX_alu16b> compiled
Module <M4_1E_MXILINX_alu16b> compiled
Module <add1b_MUSER_alu16b> compiled
Module <alu1b_MUSER_alu16b> compiled
Compiling verilog file "PC_plus_ALU.vf" in library work
Module <alu16b> compiled
Module <INV16_MXILINX_PC_plus_ALU> compiled
Module <NOR16_MXILINX_PC_plus_ALU> compiled
Module <M2_1_MXILINX_PC_plus_ALU> compiled
Module <M2_1E_MXILINX_PC_plus_ALU> compiled
Module <M4_1E_MXILINX_PC_plus_ALU> compiled
Module <add1b_MUSER_PC_plus_ALU> compiled
Module <alu1b_MUSER_PC_plus_ALU> compiled
Module <alu16b_MUSER_PC_plus_ALU> compiled
Compiling verilog file "constant16b0000.vf" in library work
Module <PC_plus_ALU> compiled
Compiling verilog file "constant16b0001.vf" in library work
Module <constant16b0000> compiled
Module <buf16_MUSER_constant16b0001> compiled
Module <constant16b0001> compiled
No errors in compilation
Analysis of file <"PC_plus_ALU.prj"> succeeded.
 

=========================================================================
*                     Design Hierarchy Analysis                         *
=========================================================================
Analyzing hierarchy for module <PC_plus_ALU> in library <work>.

Analyzing hierarchy for module <alu16b_MUSER_PC_plus_ALU> in library <work>.

Analyzing hierarchy for module <reg16> in library <work>.

Analyzing hierarchy for module <alu1b_MUSER_PC_plus_ALU> in library <work>.

Analyzing hierarchy for module <NOR16_MXILINX_PC_plus_ALU> in library <work>.

Analyzing hierarchy for module <INV16_MXILINX_PC_plus_ALU> in library <work>.

Analyzing hierarchy for module <mux16b2> in library <work>.

Analyzing hierarchy for module <FD16CE_MXILINX_reg16> in library <work>.

Analyzing hierarchy for module <add1b_MUSER_PC_plus_ALU> in library <work>.

Analyzing hierarchy for module <M4_1E_MXILINX_PC_plus_ALU> in library <work>.

Analyzing hierarchy for module <M2_1_MXILINX_PC_plus_ALU> in library <work>.

Analyzing hierarchy for module <M2_1E_MXILINX_PC_plus_ALU> in library <work>.

Analyzing hierarchy for module <M2_1E_MXILINX_PC_plus_ALU> in library <work>.


=========================================================================
*                            HDL Analysis                               *
=========================================================================
Analyzing top module <PC_plus_ALU>.
WARNING:Xst:852 - "PC_plus_ALU.vf" line 608: Unconnected input port 'inv' of instance 'XLXI_1' is tied to GND.
Module <PC_plus_ALU> is correct for synthesis.
 
Analyzing module <alu16b_MUSER_PC_plus_ALU> in library <work>.
Module <alu16b_MUSER_PC_plus_ALU> is correct for synthesis.
 
    Set user-defined property "HU_SET =  XLXI_36_4" for instance <XLXI_36> in unit <alu16b_MUSER_PC_plus_ALU>.
    Set user-defined property "HU_SET =  XLXI_38_5" for instance <XLXI_38> in unit <alu16b_MUSER_PC_plus_ALU>.
Analyzing module <alu1b_MUSER_PC_plus_ALU> in library <work>.
Module <alu1b_MUSER_PC_plus_ALU> is correct for synthesis.
 
    Set user-defined property "HU_SET =  XLXI_15_3" for instance <XLXI_15> in unit <alu1b_MUSER_PC_plus_ALU>.
    Set user-defined property "HU_SET =  XLXI_8_2" for instance <XLXI_8> in unit <alu1b_MUSER_PC_plus_ALU>.
Analyzing module <add1b_MUSER_PC_plus_ALU> in library <work>.
Module <add1b_MUSER_PC_plus_ALU> is correct for synthesis.
 
Analyzing module <M4_1E_MXILINX_PC_plus_ALU> in library <work>.
Module <M4_1E_MXILINX_PC_plus_ALU> is correct for synthesis.
 
    Set user-defined property "HU_SET =  I_M01_1" for instance <I_M01> in unit <M4_1E_MXILINX_PC_plus_ALU>.
    Set user-defined property "HU_SET =  I_M23_0" for instance <I_M23> in unit <M4_1E_MXILINX_PC_plus_ALU>.
Analyzing module <M2_1E_MXILINX_PC_plus_ALU.1> in library <work>.
Module <M2_1E_MXILINX_PC_plus_ALU.1> is correct for synthesis.
 
Analyzing module <M2_1E_MXILINX_PC_plus_ALU.2> in library <work>.
Module <M2_1E_MXILINX_PC_plus_ALU.2> is correct for synthesis.
 
Analyzing module <M2_1_MXILINX_PC_plus_ALU> in library <work>.
Module <M2_1_MXILINX_PC_plus_ALU> is correct for synthesis.
 
Analyzing module <NOR16_MXILINX_PC_plus_ALU> in library <work>.
Module <NOR16_MXILINX_PC_plus_ALU> is correct for synthesis.
 
    Set user-defined property "RLOC =  X0Y0" for instance <I_36_2> in unit <NOR16_MXILINX_PC_plus_ALU>.
    Set user-defined property "RLOC =  X0Y0" for instance <I_36_29> in unit <NOR16_MXILINX_PC_plus_ALU>.
    Set user-defined property "RLOC =  X0Y0" for instance <I_36_129> in unit <NOR16_MXILINX_PC_plus_ALU>.
    Set user-defined property "RLOC =  X0Y0" for instance <I_36_138> in unit <NOR16_MXILINX_PC_plus_ALU>.
    Set user-defined property "RLOC =  X0Y1" for instance <I_36_142> in unit <NOR16_MXILINX_PC_plus_ALU>.
    Set user-defined property "RLOC =  X0Y1" for instance <I_36_147> in unit <NOR16_MXILINX_PC_plus_ALU>.
    Set user-defined property "RLOC =  X0Y1" for instance <I_36_165> in unit <NOR16_MXILINX_PC_plus_ALU>.
    Set user-defined property "RLOC =  X0Y1" for instance <I_36_170> in unit <NOR16_MXILINX_PC_plus_ALU>.
Analyzing module <INV16_MXILINX_PC_plus_ALU> in library <work>.
Module <INV16_MXILINX_PC_plus_ALU> is correct for synthesis.
 
Analyzing module <mux16b2> in library <work>.
"../../1A-alfayeka-davissm-merreltc-smithlb/Implementation/Units/mux16b2/mux16b2.v" line 38: $display : ERROR! SET VALUE OUT OF RANGE!
Module <mux16b2> is correct for synthesis.
 
Analyzing module <reg16> in library <work>.
Module <reg16> is correct for synthesis.
 
    Set user-defined property "HU_SET =  XLXI_2_0" for instance <XLXI_2> in unit <reg16>.
Analyzing module <FD16CE_MXILINX_reg16> in library <work>.
Module <FD16CE_MXILINX_reg16> is correct for synthesis.
 
    Set user-defined property "INIT =  0" for instance <I_Q0> in unit <FD16CE_MXILINX_reg16>.
    Set user-defined property "INIT =  0" for instance <I_Q1> in unit <FD16CE_MXILINX_reg16>.
    Set user-defined property "INIT =  0" for instance <I_Q2> in unit <FD16CE_MXILINX_reg16>.
    Set user-defined property "INIT =  0" for instance <I_Q3> in unit <FD16CE_MXILINX_reg16>.
    Set user-defined property "INIT =  0" for instance <I_Q4> in unit <FD16CE_MXILINX_reg16>.
    Set user-defined property "INIT =  0" for instance <I_Q5> in unit <FD16CE_MXILINX_reg16>.
    Set user-defined property "INIT =  0" for instance <I_Q6> in unit <FD16CE_MXILINX_reg16>.
    Set user-defined property "INIT =  0" for instance <I_Q7> in unit <FD16CE_MXILINX_reg16>.
    Set user-defined property "INIT =  0" for instance <I_Q8> in unit <FD16CE_MXILINX_reg16>.
    Set user-defined property "INIT =  0" for instance <I_Q9> in unit <FD16CE_MXILINX_reg16>.
    Set user-defined property "INIT =  0" for instance <I_Q10> in unit <FD16CE_MXILINX_reg16>.
    Set user-defined property "INIT =  0" for instance <I_Q11> in unit <FD16CE_MXILINX_reg16>.
    Set user-defined property "INIT =  0" for instance <I_Q12> in unit <FD16CE_MXILINX_reg16>.
    Set user-defined property "INIT =  0" for instance <I_Q13> in unit <FD16CE_MXILINX_reg16>.
    Set user-defined property "INIT =  0" for instance <I_Q14> in unit <FD16CE_MXILINX_reg16>.
    Set user-defined property "INIT =  0" for instance <I_Q15> in unit <FD16CE_MXILINX_reg16>.

=========================================================================
*                           HDL Synthesis                               *
=========================================================================

Performing bidirectional port resolution...

Synthesizing Unit <mux16b2>.
    Related source file is "../../1A-alfayeka-davissm-merreltc-smithlb/Implementation/Units/mux16b2/mux16b2.v".
Unit <mux16b2> synthesized.


Synthesizing Unit <NOR16_MXILINX_PC_plus_ALU>.
    Related source file is "PC_plus_ALU.vf".
Unit <NOR16_MXILINX_PC_plus_ALU> synthesized.


Synthesizing Unit <INV16_MXILINX_PC_plus_ALU>.
    Related source file is "PC_plus_ALU.vf".
Unit <INV16_MXILINX_PC_plus_ALU> synthesized.


Synthesizing Unit <add1b_MUSER_PC_plus_ALU>.
    Related source file is "PC_plus_ALU.vf".
Unit <add1b_MUSER_PC_plus_ALU> synthesized.


Synthesizing Unit <M2_1_MXILINX_PC_plus_ALU>.
    Related source file is "PC_plus_ALU.vf".
Unit <M2_1_MXILINX_PC_plus_ALU> synthesized.


Synthesizing Unit <M2_1E_MXILINX_PC_plus_ALU_1>.
    Related source file is "PC_plus_ALU.vf".
Unit <M2_1E_MXILINX_PC_plus_ALU_1> synthesized.


Synthesizing Unit <M2_1E_MXILINX_PC_plus_ALU_2>.
    Related source file is "PC_plus_ALU.vf".
Unit <M2_1E_MXILINX_PC_plus_ALU_2> synthesized.


Synthesizing Unit <FD16CE_MXILINX_reg16>.
    Related source file is "reg16.vf".
Unit <FD16CE_MXILINX_reg16> synthesized.


Synthesizing Unit <reg16>.
    Related source file is "reg16.vf".
Unit <reg16> synthesized.


Synthesizing Unit <M4_1E_MXILINX_PC_plus_ALU>.
    Related source file is "PC_plus_ALU.vf".
Unit <M4_1E_MXILINX_PC_plus_ALU> synthesized.


Synthesizing Unit <alu1b_MUSER_PC_plus_ALU>.
    Related source file is "PC_plus_ALU.vf".
Unit <alu1b_MUSER_PC_plus_ALU> synthesized.


Synthesizing Unit <alu16b_MUSER_PC_plus_ALU>.
    Related source file is "PC_plus_ALU.vf".
Unit <alu16b_MUSER_PC_plus_ALU> synthesized.


Synthesizing Unit <PC_plus_ALU>.
    Related source file is "PC_plus_ALU.vf".
WARNING:Xst:653 - Signal <outy_DUMMY<2>> is used but never assigned. This sourceless signal will be automatically connected to value 0.
Unit <PC_plus_ALU> synthesized.


=========================================================================
HDL Synthesis Report

Found no macro
=========================================================================

=========================================================================
*                       Advanced HDL Synthesis                          *
=========================================================================


=========================================================================
Advanced HDL Synthesis Report

Macro Statistics
# Registers                                            : 16
 Flip-Flops                                            : 16

=========================================================================

=========================================================================
*                         Low Level Synthesis                           *
=========================================================================

Optimizing unit <PC_plus_ALU> ...

Optimizing unit <NOR16_MXILINX_PC_plus_ALU> ...

Optimizing unit <INV16_MXILINX_PC_plus_ALU> ...

Optimizing unit <add1b_MUSER_PC_plus_ALU> ...

Optimizing unit <M2_1_MXILINX_PC_plus_ALU> ...

Optimizing unit <M2_1E_MXILINX_PC_plus_ALU_1> ...

Optimizing unit <M2_1E_MXILINX_PC_plus_ALU_2> ...

Optimizing unit <FD16CE_MXILINX_reg16> ...

Optimizing unit <M4_1E_MXILINX_PC_plus_ALU> ...

Optimizing unit <alu16b_MUSER_PC_plus_ALU> ...

Mapping all equations...
Building and optimizing final netlist ...
Found area constraint ratio of 100 (+ 5) on block PC_plus_ALU, actual ratio is 0.

Final Macro Processing ...

=========================================================================
Final Register Report

Macro Statistics
# Registers                                            : 16
 Flip-Flops                                            : 16

=========================================================================

=========================================================================
*                           Partition Report                            *
=========================================================================

Partition Implementation Status
-------------------------------

  No Partitions were found in this design.

-------------------------------

=========================================================================
*                            Final Report                               *
=========================================================================
Final Results
RTL Top Level Output File Name     : PC_plus_ALU.ngr
Top Level Output File Name         : PC_plus_ALU
Output Format                      : NGC
Optimization Goal                  : Speed
Keep Hierarchy                     : No

Design Statistics
# IOs                              : 4

Cell Usage :
# BELS                             : 427
#      AND2                        : 80
#      AND2B1                      : 16
#      AND3                        : 96
#      AND3B1                      : 32
#      BUF                         : 2
#      GND                         : 2
#      INV                         : 80
#      MUXCY                       : 1
#      MUXCY_L                     : 3
#      MUXF5                       : 16
#      OR2                         : 64
#      OR3                         : 16
#      OR4                         : 16
#      VCC                         : 2
#      XOR2                        : 1
# FlipFlops/Latches                : 16
#      FDCE                        : 16
# Clock Buffers                    : 1
#      BUFGP                       : 1
# IO Buffers                       : 3
#      OBUF                        : 3
# Logical                          : 4
#      NOR4                        : 4
# Others                           : 4
#      FMAP                        : 4
=========================================================================

Device utilization summary:
---------------------------

Selected Device : 3s500efg320-4 

 Number of Slices:                       40  out of   4656     0%  
 Number of Slice Flip Flops:             16  out of   9312     0%  
 Number of 4 input LUTs:                 80  out of   9312     0%  
 Number of IOs:                           4
 Number of bonded IOBs:                   4  out of    232     1%  
 Number of GCLKs:                         1  out of     24     4%  

---------------------------
Partition Resource Summary:
---------------------------

  No Partitions were found in this design.

---------------------------


=========================================================================
TIMING REPORT

NOTE: THESE TIMING NUMBERS ARE ONLY A SYNTHESIS ESTIMATE.
      FOR ACCURATE TIMING INFORMATION PLEASE REFER TO THE TRACE REPORT
      GENERATED AFTER PLACE-and-ROUTE.

Clock Information:
------------------
-----------------------------------+------------------------+-------+
Clock Signal                       | Clock buffer(FF name)  | Load  |
-----------------------------------+------------------------+-------+
CLK                                | BUFGP                  | 16    |
-----------------------------------+------------------------+-------+

Asynchronous Control Signals Information:
----------------------------------------
-----------------------------------+-------------------------+-------+
Control Signal                     | Buffer(FF name)         | Load  |
-----------------------------------+-------------------------+-------+
XLXI_2/XLXN_1(XLXI_2/XLXI_3:G)     | NONE(XLXI_2/XLXI_2/I_Q0)| 16    |
-----------------------------------+-------------------------+-------+

Timing Summary:
---------------
Speed Grade: -4

   Minimum period: 44.133ns (Maximum Frequency: 22.659MHz)
   Minimum input arrival time before clock: No path found
   Maximum output required time after clock: No path found
   Maximum combinational path delay: No path found

Timing Detail:
--------------
All values displayed in nanoseconds (ns)

=========================================================================
Timing constraint: Default period analysis for Clock 'CLK'
  Clock period: 44.133ns (frequency: 22.659MHz)
  Total number of paths / destination ports: 786388 / 16
-------------------------------------------------------------------------
Delay:               44.133ns (Levels of Logic = 39)
  Source:            XLXI_2/XLXI_2/I_Q0 (FF)
  Destination:       XLXI_2/XLXI_2/I_Q0 (FF)
  Source Clock:      CLK rising
  Destination Clock: CLK rising

  Data Path: XLXI_2/XLXI_2/I_Q0 to XLXI_2/XLXI_2/I_Q0
                                Gate     Net
    Cell:in->out      fanout   Delay   Delay  Logical Name (Net Name)
    ----------------------------------------  ------------
     FDCE:C->Q             7   0.591   0.708  I_Q0 (Q<0>)
     end scope: 'XLXI_2/XLXI_2'
     AND2:I0->O            1   0.704   0.420  XLXI_1/XLXI_1/XLXI_3/XLXI_1 (XLXI_1/XLXI_1/XLXI_3/XLXN_1)
     OR3:I2->O             5   0.704   0.633  XLXI_1/XLXI_1/XLXI_3/XLXI_4 (XLXI_1/XLXN_1)
     AND2:I1->O            1   0.704   0.420  XLXI_1/XLXI_2/XLXI_3/XLXI_1 (XLXI_1/XLXI_2/XLXI_3/XLXN_1)
     OR3:I2->O             5   0.704   0.633  XLXI_1/XLXI_2/XLXI_3/XLXI_4 (XLXI_1/XLXN_2)
     AND2:I1->O            1   0.704   0.420  XLXI_1/XLXI_3/XLXI_3/XLXI_1 (XLXI_1/XLXI_3/XLXI_3/XLXN_1)
     OR3:I2->O             5   0.704   0.633  XLXI_1/XLXI_3/XLXI_3/XLXI_4 (XLXI_1/XLXN_3)
     AND2:I1->O            1   0.704   0.420  XLXI_1/XLXI_4/XLXI_3/XLXI_1 (XLXI_1/XLXI_4/XLXI_3/XLXN_1)
     OR3:I2->O             5   0.704   0.633  XLXI_1/XLXI_4/XLXI_3/XLXI_4 (XLXI_1/XLXN_175)
     AND2:I1->O            1   0.704   0.420  XLXI_1/XLXI_10/XLXI_3/XLXI_1 (XLXI_1/XLXI_10/XLXI_3/XLXN_1)
     OR3:I2->O             5   0.704   0.633  XLXI_1/XLXI_10/XLXI_3/XLXI_4 (XLXI_1/XLXN_6)
     AND2:I1->O            1   0.704   0.420  XLXI_1/XLXI_11/XLXI_3/XLXI_1 (XLXI_1/XLXI_11/XLXI_3/XLXN_1)
     OR3:I2->O             5   0.704   0.633  XLXI_1/XLXI_11/XLXI_3/XLXI_4 (XLXI_1/XLXN_8)
     AND2:I1->O            1   0.704   0.420  XLXI_1/XLXI_12/XLXI_3/XLXI_1 (XLXI_1/XLXI_12/XLXI_3/XLXN_1)
     OR3:I2->O             5   0.704   0.633  XLXI_1/XLXI_12/XLXI_3/XLXI_4 (XLXI_1/XLXN_10)
     AND2:I1->O            1   0.704   0.420  XLXI_1/XLXI_13/XLXI_3/XLXI_1 (XLXI_1/XLXI_13/XLXI_3/XLXN_1)
     OR3:I2->O             5   0.704   0.633  XLXI_1/XLXI_13/XLXI_3/XLXI_4 (XLXI_1/XLXN_176)
     AND2:I1->O            1   0.704   0.420  XLXI_1/XLXI_18/XLXI_3/XLXI_1 (XLXI_1/XLXI_18/XLXI_3/XLXN_1)
     OR3:I2->O             5   0.704   0.633  XLXI_1/XLXI_18/XLXI_3/XLXI_4 (XLXI_1/XLXN_63)
     AND2:I1->O            1   0.704   0.420  XLXI_1/XLXI_19/XLXI_3/XLXI_1 (XLXI_1/XLXI_19/XLXI_3/XLXN_1)
     OR3:I2->O             5   0.704   0.633  XLXI_1/XLXI_19/XLXI_3/XLXI_4 (XLXI_1/XLXN_65)
     AND2:I1->O            1   0.704   0.420  XLXI_1/XLXI_20/XLXI_3/XLXI_1 (XLXI_1/XLXI_20/XLXI_3/XLXN_1)
     OR3:I2->O             5   0.704   0.633  XLXI_1/XLXI_20/XLXI_3/XLXI_4 (XLXI_1/XLXN_67)
     AND2:I1->O            1   0.704   0.420  XLXI_1/XLXI_21/XLXI_3/XLXI_1 (XLXI_1/XLXI_21/XLXI_3/XLXN_1)
     OR3:I2->O             5   0.704   0.633  XLXI_1/XLXI_21/XLXI_3/XLXI_4 (XLXI_1/XLXN_174)
     AND2:I1->O            1   0.704   0.420  XLXI_1/XLXI_22/XLXI_3/XLXI_1 (XLXI_1/XLXI_22/XLXI_3/XLXN_1)
     OR3:I2->O             5   0.704   0.633  XLXI_1/XLXI_22/XLXI_3/XLXI_4 (XLXI_1/XLXN_89)
     AND2:I1->O            1   0.704   0.420  XLXI_1/XLXI_23/XLXI_3/XLXI_1 (XLXI_1/XLXI_23/XLXI_3/XLXN_1)
     OR3:I2->O             5   0.704   0.633  XLXI_1/XLXI_23/XLXI_3/XLXI_4 (XLXI_1/XLXN_91)
     AND2:I1->O            1   0.704   0.420  XLXI_1/XLXI_24/XLXI_3/XLXI_1 (XLXI_1/XLXI_24/XLXI_3/XLXN_1)
     OR3:I2->O             6   0.704   0.669  XLXI_1/XLXI_24/XLXI_3/XLXI_4 (XLXI_1/XLXN_93)
     INV:I->O              2   0.704   0.447  XLXI_1/XLXI_25/XLXI_3/XLXI_35 (XLXI_1/XLXI_25/XLXI_3/cinot)
     AND3:I2->O            1   0.704   0.420  XLXI_1/XLXI_25/XLXI_3/XLXI_7 (XLXI_1/XLXI_25/XLXI_3/XLXN_13)
     OR4:I1->O             2   0.704   0.447  XLXI_1/XLXI_25/XLXI_3/XLXI_9 (XLXI_1/XLXN_177)
     begin scope: 'XLXI_1/XLXI_1/XLXI_8'
     begin scope: 'I_M23'
     AND3:I0->O            1   0.704   0.420  I_36_30 (M1)
     OR2:I0->O             1   0.704   0.000  I_36_38 (O)
     end scope: 'I_M23'
     MUXF5:I1->O           3   0.321   0.000  I_O (O)
     end scope: 'XLXI_1/XLXI_1/XLXI_8'
     begin scope: 'XLXI_2/XLXI_2'
     FDCE:D                    0.308          I_Q0
    ----------------------------------------
    Total                     44.133ns (25.860ns logic, 18.273ns route)
                                       (58.6% logic, 41.4% route)

=========================================================================


Total REAL time to Xst completion: 5.00 secs
Total CPU time to Xst completion: 4.64 secs
 
--> 

Total memory usage is 281476 kilobytes

Number of errors   :    0 (   0 filtered)
Number of warnings :    2 (   0 filtered)
Number of infos    :    0 (   0 filtered)

